
module.js:340
    throw err;
          ^
Error: Cannot find module '/home/deploy/library/wechat-api/yourappname.js'
    at Function.Module._resolveFilename (module.js:338:15)
    at Function.Module._load (module.js:280:25)
    at Module.runMain (module.js:492:10)
    at process.startup.processNextTick.process._tickCallback (node.js:244:9)
listen 3000
美女 
南校区中文流通南校区中文文科书库(3楼)I512.45/31-6 2/ 0特藏部南校区保存本（4楼）I512.45/31-6 1/ 0珠海校区流通珠海校区医临时I512.4/2-8 2/ 0

美女 
南校区中文流通南校区中文文科书库(3楼)I512.45/31-6 2/ 0特藏部南校区保存本（4楼）I512.45/31-6 1/ 0珠海校区流通珠海校区医临时I512.4/2-8 2/ 0
美女 
南校区中文流通南校区中文文科书库(3楼)I512.45/31-6 1/ 0

红星佚史 
特藏部南校区珍藏馆（5楼）837/H14-3 1/ 0

红星佚史 
特藏部南校区珍藏馆（5楼）837/H14-3 1/ 0
洪罕女郎传 
特藏部南校区珍藏馆（5楼）837/H14-2 1/ 0

红星佚史 
特藏部南校区珍藏馆（5楼）837/H14-3 1/ 0
洪罕女郎传 
特藏部南校区珍藏馆（5楼）837/H14-2 1/ 0
镇沅彝族哈尼族拉枯族自治县税务志 
特藏部南校区方志专藏（4楼） 1/ 0

红星佚史 
特藏部南校区珍藏馆（5楼）837/H14-3 1/ 0
洪罕女郎传 
特藏部南校区珍藏馆（5楼）837/H14-2 1/ 0
镇沅彝族哈尼族拉枯族自治县税务志 
特藏部南校区方志专藏（4楼） 1/ 0
哈尔的移动城堡 
东校区流通东校区普通图书（3楼） 1/ 0北校区流通北校区中文社科书库 1/ 0南校区中文流通南校区中文新书库（1楼） 1/ 0珠海校区流通珠海校区流通(6/7/8/10/12楼) 1/ 0

红星佚史 
特藏部南校区珍藏馆（5楼）837/H14-3 1/ 0
洪罕女郎传 
特藏部南校区珍藏馆（5楼）837/H14-2 1/ 0
镇沅彝族哈尼族拉枯族自治县税务志 
特藏部南校区方志专藏（4楼） 1/ 0
哈尔的移动城堡 
东校区流通东校区普通图书（3楼） 1/ 0北校区流通北校区中文社科书库 1/ 0南校区中文流通南校区中文新书库（1楼） 1/ 0珠海校区流通珠海校区流通(6/7/8/10/12楼) 1/ 0
努尔哈赤全传 
东校区流通东校区普通图书（3楼） 1/ 0南校区中文流通南校区中文新书库（1楼） 1/ 0特藏部南校区保存本（4楼） 1/ 0珠海校区流通珠海校区流通(6/7/8/10/12楼) 1/ 0

